Using pre-set license
Built from '2020.3/staging' branch; Version is '2020.3.23f1 (c5d91304a876) revision 12966163'; Using compiler version '192528614'; Build Type 'Release'
OS: 'Windows 10 Pro; OS build 19041.264; Version 2004; 64bit' Language: 'zh' Physical Memory: 16358 MB
BatchMode: 1, IsHumanControllingUs: 0, StartBugReporterOnCrash: 0, Is64bit: 1, IsPro: 0

COMMAND LINE ARGUMENTS:
H:\Unity\2020.3.23f1\Editor\Unity.exe
-adb2
-batchMode
-noUpm
-name
AssetImportWorker0
-projectPath
H:/Unity Project/HexMapFogOfWar
-logFile
Logs/AssetImportWorker0.log
-srvPort
13753
Successfully changed project path to: H:/Unity Project/HexMapFogOfWar
H:/Unity Project/HexMapFogOfWar
Using Asset Import Pipeline V2.
Refreshing native plugins compatible for Editor in 30.59 ms, found 2 plugins.
Preloading 0 native plugins for Editor in 0.00 ms.
Initialize engine version: 2020.3.23f1 (c5d91304a876)
[Subsystems] Discovering subsystems at path H:/Unity/2020.3.23f1/Editor/Data/Resources/UnitySubsystems
[Subsystems] Discovering subsystems at path H:/Unity Project/HexMapFogOfWar/Assets
GfxDevice: creating device client; threaded=0
Direct3D:
    Version:  Direct3D 11.0 [level 11.1]
    Renderer: NVIDIA GeForce GTX 1650 (ID=0x1f82)
    Vendor:   
    VRAM:     3962 MB
    Driver:   26.21.14.4575
Initialize mono
Mono path[0] = 'H:/Unity/2020.3.23f1/Editor/Data/Managed'
Mono path[1] = 'H:/Unity/2020.3.23f1/Editor/Data/MonoBleedingEdge/lib/mono/unityjit'
Mono config path = 'H:/Unity/2020.3.23f1/Editor/Data/MonoBleedingEdge/etc'
Using monoOptions --debugger-agent=transport=dt_socket,embedding=1,server=y,suspend=n,address=127.0.0.1:56740
Begin MonoManager ReloadAssembly
Registering precompiled unity dll's ...
Register platform support module: H:/Unity/2020.3.23f1/Editor/Data/PlaybackEngines/WindowsStandaloneSupport/UnityEditor.WindowsStandalone.Extensions.dll
Registered in 0.000839 seconds.
Native extension for WindowsStandalone target not found
Refreshing native plugins compatible for Editor in 29.64 ms, found 2 plugins.
Preloading 0 native plugins for Editor in 0.00 ms.
Mono: successfully reloaded assembly
- Completed reload, in  0.519 seconds
Domain Reload Profiling:
	ReloadAssembly (519ms)
		BeginReloadAssembly (45ms)
			ExecutionOrderSort (0ms)
			DisableScriptedObjects (0ms)
			BackupInstance (0ms)
			ReleaseScriptingObjects (0ms)
			CreateAndSetChildDomain (1ms)
		EndReloadAssembly (412ms)
			LoadAssemblies (44ms)
			RebuildTransferFunctionScriptingTraits (0ms)
			SetupTypeCache (141ms)
			ReleaseScriptCaches (0ms)
			RebuildScriptCaches (30ms)
			SetupLoadedEditorAssemblies (150ms)
				LogAssemblyErrors (0ms)
				InitializePlatformSupportModulesInManaged (4ms)
				SetLoadedEditorAssemblies (0ms)
				RefreshPlugins (30ms)
				BeforeProcessingInitializeOnLoad (15ms)
				ProcessInitializeOnLoadAttributes (75ms)
				ProcessInitializeOnLoadMethodAttributes (26ms)
				AfterProcessingInitializeOnLoad (0ms)
				EditorAssembliesLoaded (0ms)
			ExecutionOrderSort2 (0ms)
			AwakeInstancesAfterBackupRestoration (0ms)
Platform modules already initialized, skipping
Registering precompiled user dll's ...
Registered in 0.003045 seconds.
Begin MonoManager ReloadAssembly
Native extension for WindowsStandalone target not found
Refreshing native plugins compatible for Editor in 0.33 ms, found 2 plugins.
Preloading 0 native plugins for Editor in 0.00 ms.
Mono: successfully reloaded assembly
- Completed reload, in  0.919 seconds
Domain Reload Profiling:
	ReloadAssembly (920ms)
		BeginReloadAssembly (130ms)
			ExecutionOrderSort (0ms)
			DisableScriptedObjects (5ms)
			BackupInstance (0ms)
			ReleaseScriptingObjects (0ms)
			CreateAndSetChildDomain (17ms)
		EndReloadAssembly (737ms)
			LoadAssemblies (75ms)
			RebuildTransferFunctionScriptingTraits (0ms)
			SetupTypeCache (263ms)
			ReleaseScriptCaches (0ms)
			RebuildScriptCaches (39ms)
			SetupLoadedEditorAssemblies (273ms)
				LogAssemblyErrors (0ms)
				InitializePlatformSupportModulesInManaged (4ms)
				SetLoadedEditorAssemblies (0ms)
				RefreshPlugins (0ms)
				BeforeProcessingInitializeOnLoad (68ms)
				ProcessInitializeOnLoadAttributes (189ms)
				ProcessInitializeOnLoadMethodAttributes (8ms)
				AfterProcessingInitializeOnLoad (2ms)
				EditorAssembliesLoaded (0ms)
			ExecutionOrderSort2 (0ms)
			AwakeInstancesAfterBackupRestoration (6ms)
Platform modules already initialized, skipping
========================================================================
Worker process is ready to serve import requests
Launched and connected shader compiler UnityShaderCompiler.exe after 0.04 seconds
Refreshing native plugins compatible for Editor in 0.35 ms, found 2 plugins.
Preloading 0 native plugins for Editor in 0.00 ms.
Unloading 1531 Unused Serialized files (Serialized files now loaded: 0)
System memory in use before: 87.5 MB.
System memory in use after: 87.5 MB.

Unloading 19 unused Assets to reduce memory usage. Loaded Objects now: 1979.
Total: 2.830600 ms (FindLiveObjects: 0.168500 ms CreateObjectMapping: 0.050100 ms MarkObjects: 2.522700 ms  DeleteObjects: 0.087900 ms)

AssetImportParameters requested are different than current active one (requested -> active):
  custom:framework-win-MediaFoundation: 216162199b28c13a410421893ffa2e32 -> 
  custom:video-decoder-ogg-theora: a1e56fd34408186e4bbccfd4996cb3dc -> 
  custom:container-muxer-webm: aa71ff27fc2769a1b78a27578f13a17b -> 
  custom:container-demuxer-webm: 4f35f7cbe854078d1ac9338744f61a02 -> 
  custom:container-demuxer-ogg: 62fdf1f143b41e24485cea50d1cbac27 -> 
  custom:video-encoder-webm-vp8: eb34c28f22e8b96e1ab97ce403110664 -> 
  custom:video-decoder-webm-vp8: 9c59270c3fd7afecdb556c50c9e8de78 -> 
  custom:audio-decoder-ogg-vorbis: bf7c407c2cedff20999df2af8eb42d56 -> 
  custom:audio-encoder-webm-vorbis: bf7c407c2cedff20999df2af8eb42d56 -> 
========================================================================
Received Import Request.
  path: Assets/Scripts/HexCoordinates.cs
  artifactKey: Guid(b70ba0d71fe774d259ba581e16a6e270) Importer(815301076,1909f56bfc062723c751e8b465ee728b)
Start importing Assets/Scripts/HexCoordinates.cs using Guid(b70ba0d71fe774d259ba581e16a6e270) Importer(815301076,1909f56bfc062723c751e8b465ee728b)  -> (artifact id: 'ee4fcfe5f9ccd72126d15323576b79c3') in 0.038678 seconds 
  Import took 0.041400 seconds .

========================================================================
Received Import Request.
  Time since last request: 3.763794 seconds.
  path: Assets/Scripts/HexDirection.cs
  artifactKey: Guid(74341f911dd164f16a0b2651dd8e6675) Importer(815301076,1909f56bfc062723c751e8b465ee728b)
Start importing Assets/Scripts/HexDirection.cs using Guid(74341f911dd164f16a0b2651dd8e6675) Importer(815301076,1909f56bfc062723c751e8b465ee728b)  -> (artifact id: '05b42f3e8c1ab86592dfd25863441c4c') in 0.001487 seconds 
  Import took 0.004118 seconds .

========================================================================
Received Import Request.
  Time since last request: 0.873370 seconds.
  path: Assets/Scripts/HexFeatureCollection.cs
  artifactKey: Guid(37dfd943ce90e664e830f5ebfb49fd78) Importer(815301076,1909f56bfc062723c751e8b465ee728b)
Start importing Assets/Scripts/HexFeatureCollection.cs using Guid(37dfd943ce90e664e830f5ebfb49fd78) Importer(815301076,1909f56bfc062723c751e8b465ee728b)  -> (artifact id: 'bc67e1ca7f6c190586681cd61a4ce81f') in 0.000933 seconds 
  Import took 0.003370 seconds .

========================================================================
Received Import Request.
  Time since last request: 0.459528 seconds.
  path: Assets/Scripts/HexFeatureManager.cs
  artifactKey: Guid(28d887163f46c6e49a3055b596d2bf0a) Importer(815301076,1909f56bfc062723c751e8b465ee728b)
Start importing Assets/Scripts/HexFeatureManager.cs using Guid(28d887163f46c6e49a3055b596d2bf0a) Importer(815301076,1909f56bfc062723c751e8b465ee728b)  -> (artifact id: '64c16f0207ebf02d34032c48cc518c26') in 0.001058 seconds 
  Import took 0.003718 seconds .

========================================================================
Received Import Request.
  Time since last request: 0.994687 seconds.
  path: Assets/Scripts/HexHash.cs
  artifactKey: Guid(1521b75087af0d646aa76b85e7d60514) Importer(815301076,1909f56bfc062723c751e8b465ee728b)
Start importing Assets/Scripts/HexHash.cs using Guid(1521b75087af0d646aa76b85e7d60514) Importer(815301076,1909f56bfc062723c751e8b465ee728b)  -> (artifact id: '7bf1b04b92529109b53d2c1dbd15b78a') in 0.001152 seconds 
  Import took 0.004166 seconds .

========================================================================
Received Import Request.
  Time since last request: 1.292177 seconds.
  path: Assets/Scripts/HexGrid.cs
  artifactKey: Guid(414a0fc06528949a0baff4f719b04a4f) Importer(815301076,1909f56bfc062723c751e8b465ee728b)
Start importing Assets/Scripts/HexGrid.cs using Guid(414a0fc06528949a0baff4f719b04a4f) Importer(815301076,1909f56bfc062723c751e8b465ee728b)  -> (artifact id: '3a1cd377c6cb8e30892d05514cc71566') in 0.000968 seconds 
  Import took 0.003244 seconds .

========================================================================
Received Import Request.
  Time since last request: 0.765892 seconds.
  path: Assets/Scripts/HexMesh.cs
  artifactKey: Guid(c547250cafb924e6397c4c850c04fe5f) Importer(815301076,1909f56bfc062723c751e8b465ee728b)
Start importing Assets/Scripts/HexMesh.cs using Guid(c547250cafb924e6397c4c850c04fe5f) Importer(815301076,1909f56bfc062723c751e8b465ee728b)  -> (artifact id: '5c47f9bb2fc7a5f9253f805d43c8f09a') in 0.000921 seconds 
  Import took 0.003176 seconds .

========================================================================
Received Import Request.
  Time since last request: 1.083046 seconds.
  path: Assets/Scripts/HexMapCamera.cs
  artifactKey: Guid(5a7781699ea884365b44347e935bc319) Importer(815301076,1909f56bfc062723c751e8b465ee728b)
Start importing Assets/Scripts/HexMapCamera.cs using Guid(5a7781699ea884365b44347e935bc319) Importer(815301076,1909f56bfc062723c751e8b465ee728b)  -> (artifact id: '5fb7fe43a9814bc6727b92aa233dc59b') in 0.000910 seconds 
  Import took 0.003216 seconds .

========================================================================
Received Import Request.
  Time since last request: 0.360298 seconds.
  path: Assets/Scripts/ListPool.cs
  artifactKey: Guid(2ec249ca456ecc44e99c8fa7515ab98c) Importer(815301076,1909f56bfc062723c751e8b465ee728b)
Start importing Assets/Scripts/ListPool.cs using Guid(2ec249ca456ecc44e99c8fa7515ab98c) Importer(815301076,1909f56bfc062723c751e8b465ee728b)  -> (artifact id: '23d338d48dacae8585c7e7e74368dcc0') in 0.001057 seconds 
  Import took 0.003547 seconds .

========================================================================
Received Import Request.
  Time since last request: 0.352052 seconds.
  path: Assets/Scripts/SaveLoadItem.cs
  artifactKey: Guid(db79f73cd41aebf44b02cdfc8ea8358c) Importer(815301076,1909f56bfc062723c751e8b465ee728b)
Start importing Assets/Scripts/SaveLoadItem.cs using Guid(db79f73cd41aebf44b02cdfc8ea8358c) Importer(815301076,1909f56bfc062723c751e8b465ee728b)  -> (artifact id: 'fbef48035620d6f0b5f24b01eb0f877c') in 0.001338 seconds 
  Import took 0.003942 seconds .

========================================================================
Received Import Request.
  Time since last request: 0.424504 seconds.
  path: Assets/Scripts/SaveLoadMenu.cs
  artifactKey: Guid(29757da5781cc67428e1e54dd618f4d6) Importer(815301076,1909f56bfc062723c751e8b465ee728b)
Start importing Assets/Scripts/SaveLoadMenu.cs using Guid(29757da5781cc67428e1e54dd618f4d6) Importer(815301076,1909f56bfc062723c751e8b465ee728b)  -> (artifact id: '68561d66f25e583bda5659e204d9685e') in 0.000935 seconds 
  Import took 0.003204 seconds .

========================================================================
Received Import Request.
  Time since last request: 10.422929 seconds.
  path: Assets/Scripts/UI
  artifactKey: Guid(77350435641156e4fb184749275b646f) Importer(815301076,1909f56bfc062723c751e8b465ee728b)
Start importing Assets/Scripts/UI using Guid(77350435641156e4fb184749275b646f) Importer(815301076,1909f56bfc062723c751e8b465ee728b)  -> (artifact id: '7416b2b76b76f65bcf7a7b5f5eb654b1') in 0.001799 seconds 
  Import took 0.004383 seconds .

========================================================================
Received Prepare
Registering precompiled user dll's ...
Registered in 0.002420 seconds.
Begin MonoManager ReloadAssembly
Native extension for WindowsStandalone target not found
Refreshing native plugins compatible for Editor in 0.38 ms, found 2 plugins.
Preloading 0 native plugins for Editor in 0.00 ms.
Mono: successfully reloaded assembly
- Completed reload, in  0.882 seconds
Domain Reload Profiling:
	ReloadAssembly (882ms)
		BeginReloadAssembly (106ms)
			ExecutionOrderSort (0ms)
			DisableScriptedObjects (4ms)
			BackupInstance (0ms)
			ReleaseScriptingObjects (0ms)
			CreateAndSetChildDomain (31ms)
		EndReloadAssembly (721ms)
			LoadAssemblies (74ms)
			RebuildTransferFunctionScriptingTraits (0ms)
			SetupTypeCache (263ms)
			ReleaseScriptCaches (1ms)
			RebuildScriptCaches (35ms)
			SetupLoadedEditorAssemblies (256ms)
				LogAssemblyErrors (0ms)
				InitializePlatformSupportModulesInManaged (4ms)
				SetLoadedEditorAssemblies (0ms)
				RefreshPlugins (0ms)
				BeforeProcessingInitializeOnLoad (61ms)
				ProcessInitializeOnLoadAttributes (178ms)
				ProcessInitializeOnLoadMethodAttributes (9ms)
				AfterProcessingInitializeOnLoad (2ms)
				EditorAssembliesLoaded (0ms)
			ExecutionOrderSort2 (0ms)
			AwakeInstancesAfterBackupRestoration (7ms)
Platform modules already initialized, skipping
Refreshing native plugins compatible for Editor in 0.34 ms, found 2 plugins.
Preloading 0 native plugins for Editor in 0.00 ms.
Unloading 1517 Unused Serialized files (Serialized files now loaded: 0)
System memory in use before: 86.5 MB.
System memory in use after: 86.6 MB.

Unloading 14 unused Assets to reduce memory usage. Loaded Objects now: 1981.
Total: 2.452300 ms (FindLiveObjects: 0.147900 ms CreateObjectMapping: 0.047300 ms MarkObjects: 2.241000 ms  DeleteObjects: 0.015100 ms)

AssetImportParameters requested are different than current active one (requested -> active):
  custom:framework-win-MediaFoundation: 216162199b28c13a410421893ffa2e32 -> 
  custom:video-decoder-ogg-theora: a1e56fd34408186e4bbccfd4996cb3dc -> 
  custom:container-muxer-webm: aa71ff27fc2769a1b78a27578f13a17b -> 
  custom:container-demuxer-webm: 4f35f7cbe854078d1ac9338744f61a02 -> 
  custom:container-demuxer-ogg: 62fdf1f143b41e24485cea50d1cbac27 -> 
  custom:video-encoder-webm-vp8: eb34c28f22e8b96e1ab97ce403110664 -> 
  custom:video-decoder-webm-vp8: 9c59270c3fd7afecdb556c50c9e8de78 -> 
  custom:audio-decoder-ogg-vorbis: bf7c407c2cedff20999df2af8eb42d56 -> 
  custom:audio-encoder-webm-vorbis: bf7c407c2cedff20999df2af8eb42d56 -> 
========================================================================
Received Import Request.
  Time since last request: 16.961419 seconds.
  path: Assets/Scripts/Bezier.cs
  artifactKey: Guid(e928d39fd6b47e5409efd471c7e9084d) Importer(815301076,1909f56bfc062723c751e8b465ee728b)
Start importing Assets/Scripts/Bezier.cs using Guid(e928d39fd6b47e5409efd471c7e9084d) Importer(815301076,1909f56bfc062723c751e8b465ee728b)  -> (artifact id: '567cac465118fc112337c739b830fadd') in 0.003356 seconds 
  Import took 0.005968 seconds .

========================================================================
Received Import Request.
  Time since last request: 0.366755 seconds.
  path: Assets/Scripts/EdgeVertices.cs
  artifactKey: Guid(ccc8ae51ff0774351ac5fed34f26c9f8) Importer(815301076,1909f56bfc062723c751e8b465ee728b)
Start importing Assets/Scripts/EdgeVertices.cs using Guid(ccc8ae51ff0774351ac5fed34f26c9f8) Importer(815301076,1909f56bfc062723c751e8b465ee728b)  -> (artifact id: '5f45380c13e9de3d941e7dc8ce4f472e') in 0.000930 seconds 
  Import took 0.003187 seconds .

========================================================================
Received Import Request.
  Time since last request: 0.321376 seconds.
  path: Assets/Scripts/HexCellShaderData.cs
  artifactKey: Guid(cc6cbc23fe618ef4d8d8378bb4a640e9) Importer(815301076,1909f56bfc062723c751e8b465ee728b)
Start importing Assets/Scripts/HexCellShaderData.cs using Guid(cc6cbc23fe618ef4d8d8378bb4a640e9) Importer(815301076,1909f56bfc062723c751e8b465ee728b)  -> (artifact id: 'efdfa56a82057f4a8e15bb8c197057b7') in 0.000888 seconds 
  Import took 0.003387 seconds .

========================================================================
Received Import Request.
  Time since last request: 0.814923 seconds.
  path: Assets/Scripts/HexCell.cs
  artifactKey: Guid(e3d3de04c7eaa4677adc5cb5e120ecef) Importer(815301076,1909f56bfc062723c751e8b465ee728b)
Start importing Assets/Scripts/HexCell.cs using Guid(e3d3de04c7eaa4677adc5cb5e120ecef) Importer(815301076,1909f56bfc062723c751e8b465ee728b)  -> (artifact id: '6b41b8de7596322cbead70168557b8df') in 0.001031 seconds 
  Import took 0.003586 seconds .

========================================================================
Received Import Request.
  Time since last request: 0.365981 seconds.
  path: Assets/Scripts/HexCellPriorityQueue.cs
  artifactKey: Guid(6d1041c33b55c914b9c006ed1a3d8101) Importer(815301076,1909f56bfc062723c751e8b465ee728b)
Start importing Assets/Scripts/HexCellPriorityQueue.cs using Guid(6d1041c33b55c914b9c006ed1a3d8101) Importer(815301076,1909f56bfc062723c751e8b465ee728b)  -> (artifact id: '285807615f68fa468efb8f850c793a6a') in 0.001113 seconds 
  Import took 0.004325 seconds .

========================================================================
Received Import Request.
  Time since last request: 54.728536 seconds.
  path: Assets/Scripts/UI/HexGameUI.cs
  artifactKey: Guid(ff523c6fee7a33c4a98ec2b64618b720) Importer(815301076,1909f56bfc062723c751e8b465ee728b)
Start importing Assets/Scripts/UI/HexGameUI.cs using Guid(ff523c6fee7a33c4a98ec2b64618b720) Importer(815301076,1909f56bfc062723c751e8b465ee728b)  -> (artifact id: '99a46fdc8cbe4d8b974ccbdc52f77d12') in 0.001348 seconds 
  Import took 0.003711 seconds .

========================================================================
Received Prepare
Registering precompiled user dll's ...
Registered in 0.003098 seconds.
Begin MonoManager ReloadAssembly
Native extension for WindowsStandalone target not found
Refreshing native plugins compatible for Editor in 0.34 ms, found 2 plugins.
Preloading 0 native plugins for Editor in 0.00 ms.
Mono: successfully reloaded assembly
- Completed reload, in  0.953 seconds
Domain Reload Profiling:
	ReloadAssembly (953ms)
		BeginReloadAssembly (106ms)
			ExecutionOrderSort (0ms)
			DisableScriptedObjects (5ms)
			BackupInstance (0ms)
			ReleaseScriptingObjects (0ms)
			CreateAndSetChildDomain (34ms)
		EndReloadAssembly (780ms)
			LoadAssemblies (88ms)
			RebuildTransferFunctionScriptingTraits (0ms)
			SetupTypeCache (282ms)
			ReleaseScriptCaches (2ms)
			RebuildScriptCaches (48ms)
			SetupLoadedEditorAssemblies (259ms)
				LogAssemblyErrors (0ms)
				InitializePlatformSupportModulesInManaged (4ms)
				SetLoadedEditorAssemblies (0ms)
				RefreshPlugins (0ms)
				BeforeProcessingInitializeOnLoad (65ms)
				ProcessInitializeOnLoadAttributes (178ms)
				ProcessInitializeOnLoadMethodAttributes (8ms)
				AfterProcessingInitializeOnLoad (2ms)
				EditorAssembliesLoaded (0ms)
			ExecutionOrderSort2 (0ms)
			AwakeInstancesAfterBackupRestoration (6ms)
Platform modules already initialized, skipping
Refreshing native plugins compatible for Editor in 0.43 ms, found 2 plugins.
Preloading 0 native plugins for Editor in 0.00 ms.
Unloading 1517 Unused Serialized files (Serialized files now loaded: 0)
System memory in use before: 86.5 MB.
System memory in use after: 86.6 MB.

Unloading 14 unused Assets to reduce memory usage. Loaded Objects now: 1983.
Total: 2.370900 ms (FindLiveObjects: 0.151500 ms CreateObjectMapping: 0.051400 ms MarkObjects: 2.150200 ms  DeleteObjects: 0.016900 ms)

AssetImportParameters requested are different than current active one (requested -> active):
  custom:framework-win-MediaFoundation: 216162199b28c13a410421893ffa2e32 -> 
  custom:video-decoder-ogg-theora: a1e56fd34408186e4bbccfd4996cb3dc -> 
  custom:container-muxer-webm: aa71ff27fc2769a1b78a27578f13a17b -> 
  custom:container-demuxer-webm: 4f35f7cbe854078d1ac9338744f61a02 -> 
  custom:container-demuxer-ogg: 62fdf1f143b41e24485cea50d1cbac27 -> 
  custom:video-encoder-webm-vp8: eb34c28f22e8b96e1ab97ce403110664 -> 
  custom:video-decoder-webm-vp8: 9c59270c3fd7afecdb556c50c9e8de78 -> 
  custom:audio-decoder-ogg-vorbis: bf7c407c2cedff20999df2af8eb42d56 -> 
  custom:audio-encoder-webm-vorbis: bf7c407c2cedff20999df2af8eb42d56 -> 
========================================================================
Received Import Request.
  Time since last request: 9.107225 seconds.
  path: Assets/Scripts/UI/HexGameUI.cs
  artifactKey: Guid(ff523c6fee7a33c4a98ec2b64618b720) Importer(815301076,1909f56bfc062723c751e8b465ee728b)
Start importing Assets/Scripts/UI/HexGameUI.cs using Guid(ff523c6fee7a33c4a98ec2b64618b720) Importer(815301076,1909f56bfc062723c751e8b465ee728b)  -> (artifact id: '973b1c9d8c4532e29c9beb947ecfd381') in 0.005535 seconds 
  Import took 0.008286 seconds .

========================================================================
Received Prepare
Registering precompiled user dll's ...
Registered in 0.002295 seconds.
Begin MonoManager ReloadAssembly
Native extension for WindowsStandalone target not found
Refreshing native plugins compatible for Editor in 0.34 ms, found 2 plugins.
Preloading 0 native plugins for Editor in 0.00 ms.
Mono: successfully reloaded assembly
- Completed reload, in  0.907 seconds
Domain Reload Profiling:
	ReloadAssembly (908ms)
		BeginReloadAssembly (110ms)
			ExecutionOrderSort (0ms)
			DisableScriptedObjects (4ms)
			BackupInstance (0ms)
			ReleaseScriptingObjects (0ms)
			CreateAndSetChildDomain (35ms)
		EndReloadAssembly (744ms)
			LoadAssemblies (85ms)
			RebuildTransferFunctionScriptingTraits (0ms)
			SetupTypeCache (287ms)
			ReleaseScriptCaches (1ms)
			RebuildScriptCaches (35ms)
			SetupLoadedEditorAssemblies (252ms)
				LogAssemblyErrors (0ms)
				InitializePlatformSupportModulesInManaged (4ms)
				SetLoadedEditorAssemblies (0ms)
				RefreshPlugins (0ms)
				BeforeProcessingInitializeOnLoad (61ms)
				ProcessInitializeOnLoadAttributes (175ms)
				ProcessInitializeOnLoadMethodAttributes (8ms)
				AfterProcessingInitializeOnLoad (2ms)
				EditorAssembliesLoaded (0ms)
			ExecutionOrderSort2 (0ms)
			AwakeInstancesAfterBackupRestoration (6ms)
Platform modules already initialized, skipping
Refreshing native plugins compatible for Editor in 0.37 ms, found 2 plugins.
Preloading 0 native plugins for Editor in 0.00 ms.
Unloading 1517 Unused Serialized files (Serialized files now loaded: 0)
System memory in use before: 86.5 MB.
System memory in use after: 86.6 MB.

Unloading 14 unused Assets to reduce memory usage. Loaded Objects now: 1985.
Total: 3.139800 ms (FindLiveObjects: 0.187600 ms CreateObjectMapping: 0.066400 ms MarkObjects: 2.858300 ms  DeleteObjects: 0.025900 ms)

AssetImportParameters requested are different than current active one (requested -> active):
  custom:framework-win-MediaFoundation: 216162199b28c13a410421893ffa2e32 -> 
  custom:video-decoder-ogg-theora: a1e56fd34408186e4bbccfd4996cb3dc -> 
  custom:container-muxer-webm: aa71ff27fc2769a1b78a27578f13a17b -> 
  custom:container-demuxer-webm: 4f35f7cbe854078d1ac9338744f61a02 -> 
  custom:container-demuxer-ogg: 62fdf1f143b41e24485cea50d1cbac27 -> 
  custom:video-encoder-webm-vp8: eb34c28f22e8b96e1ab97ce403110664 -> 
  custom:video-decoder-webm-vp8: 9c59270c3fd7afecdb556c50c9e8de78 -> 
  custom:audio-decoder-ogg-vorbis: bf7c407c2cedff20999df2af8eb42d56 -> 
  custom:audio-encoder-webm-vorbis: bf7c407c2cedff20999df2af8eb42d56 -> 
========================================================================
Received Import Request.
  Time since last request: 35.310554 seconds.
  path: Assets/Materials/HexCellData.cginc
  artifactKey: Guid(7b62984e7f38b35418651c8225e82300) Importer(815301076,1909f56bfc062723c751e8b465ee728b)
Start importing Assets/Materials/HexCellData.cginc using Guid(7b62984e7f38b35418651c8225e82300) Importer(815301076,1909f56bfc062723c751e8b465ee728b)  -> (artifact id: '3881d2a09c0a94273ffd6d2bf88f8430') in 0.020743 seconds 
  Import took 0.023291 seconds .

========================================================================
Received Import Request.
  Time since last request: 75.207975 seconds.
  path: Assets/Materials/HexCellData.cginc
  artifactKey: Guid(7b62984e7f38b35418651c8225e82300) Importer(815301076,1909f56bfc062723c751e8b465ee728b)
Start importing Assets/Materials/HexCellData.cginc using Guid(7b62984e7f38b35418651c8225e82300) Importer(815301076,1909f56bfc062723c751e8b465ee728b)  -> (artifact id: '42c7e87ca6c9335a275017536cf14317') in 0.001679 seconds 
  Import took 0.004760 seconds .

========================================================================
Received Import Request.
  Time since last request: 11.793903 seconds.
  path: Assets/Materials/HexCellData.cginc
  artifactKey: Guid(7b62984e7f38b35418651c8225e82300) Importer(815301076,1909f56bfc062723c751e8b465ee728b)
Start importing Assets/Materials/HexCellData.cginc using Guid(7b62984e7f38b35418651c8225e82300) Importer(815301076,1909f56bfc062723c751e8b465ee728b)  -> (artifact id: 'c59978ab8173644ef30ffd9b62816930') in 0.001654 seconds 
  Import took 0.004179 seconds .

========================================================================
Received Import Request.
  Time since last request: 21.329913 seconds.
  path: Assets/Materials/Water.shader
  artifactKey: Guid(985ed5060e23d574bb3868d309244f23) Importer(815301076,1909f56bfc062723c751e8b465ee728b)
Start importing Assets/Materials/Water.shader using Guid(985ed5060e23d574bb3868d309244f23) Importer(815301076,1909f56bfc062723c751e8b465ee728b)  -> (artifact id: '25c5e5f09f87ee5bbed5d907e843e69a') in 0.005679 seconds 
  Import took 0.008782 seconds .

========================================================================
Received Prepare
Registering precompiled user dll's ...
Registered in 0.002226 seconds.
Begin MonoManager ReloadAssembly
Native extension for WindowsStandalone target not found
Refreshing native plugins compatible for Editor in 0.34 ms, found 2 plugins.
Preloading 0 native plugins for Editor in 0.00 ms.
Mono: successfully reloaded assembly
- Completed reload, in  0.867 seconds
Domain Reload Profiling:
	ReloadAssembly (867ms)
		BeginReloadAssembly (105ms)
			ExecutionOrderSort (0ms)
			DisableScriptedObjects (4ms)
			BackupInstance (0ms)
			ReleaseScriptingObjects (0ms)
			CreateAndSetChildDomain (30ms)
		EndReloadAssembly (704ms)
			LoadAssemblies (79ms)
			RebuildTransferFunctionScriptingTraits (0ms)
			SetupTypeCache (258ms)
			ReleaseScriptCaches (1ms)
			RebuildScriptCaches (34ms)
			SetupLoadedEditorAssemblies (249ms)
				LogAssemblyErrors (0ms)
				InitializePlatformSupportModulesInManaged (4ms)
				SetLoadedEditorAssemblies (0ms)
				RefreshPlugins (0ms)
				BeforeProcessingInitializeOnLoad (61ms)
				ProcessInitializeOnLoadAttributes (173ms)
				ProcessInitializeOnLoadMethodAttributes (8ms)
				AfterProcessingInitializeOnLoad (2ms)
				EditorAssembliesLoaded (0ms)
			ExecutionOrderSort2 (0ms)
			AwakeInstancesAfterBackupRestoration (6ms)
Platform modules already initialized, skipping
Refreshing native plugins compatible for Editor in 0.54 ms, found 2 plugins.
Preloading 0 native plugins for Editor in 0.00 ms.
Unloading 1517 Unused Serialized files (Serialized files now loaded: 0)
System memory in use before: 86.6 MB.
System memory in use after: 86.7 MB.

Unloading 14 unused Assets to reduce memory usage. Loaded Objects now: 1987.
Total: 2.462200 ms (FindLiveObjects: 0.145900 ms CreateObjectMapping: 0.046900 ms MarkObjects: 2.252300 ms  DeleteObjects: 0.016300 ms)

AssetImportParameters requested are different than current active one (requested -> active):
  custom:framework-win-MediaFoundation: 216162199b28c13a410421893ffa2e32 -> 
  custom:video-decoder-ogg-theora: a1e56fd34408186e4bbccfd4996cb3dc -> 
  custom:container-muxer-webm: aa71ff27fc2769a1b78a27578f13a17b -> 
  custom:container-demuxer-webm: 4f35f7cbe854078d1ac9338744f61a02 -> 
  custom:container-demuxer-ogg: 62fdf1f143b41e24485cea50d1cbac27 -> 
  custom:video-encoder-webm-vp8: eb34c28f22e8b96e1ab97ce403110664 -> 
  custom:video-decoder-webm-vp8: 9c59270c3fd7afecdb556c50c9e8de78 -> 
  custom:audio-decoder-ogg-vorbis: bf7c407c2cedff20999df2af8eb42d56 -> 
  custom:audio-encoder-webm-vorbis: bf7c407c2cedff20999df2af8eb42d56 -> 
========================================================================
Received Import Request.
  Time since last request: 74.085482 seconds.
  path: Assets/Materials/Estuaries.shader
  artifactKey: Guid(afb294143d5fd2844a3fd1ee87bf0d25) Importer(815301076,1909f56bfc062723c751e8b465ee728b)
Start importing Assets/Materials/Estuaries.shader using Guid(afb294143d5fd2844a3fd1ee87bf0d25) Importer(815301076,1909f56bfc062723c751e8b465ee728b)  -> (artifact id: '121b245dcf354e278f25948c95031e8a') in 0.015010 seconds 
  Import took 0.017874 seconds .

========================================================================
Received Import Request.
  Time since last request: 8.857349 seconds.
  path: Assets/Materials/Feature
  artifactKey: Guid(6b1a78d7a80734d43b8a6939727199e6) Importer(815301076,1909f56bfc062723c751e8b465ee728b)
Start importing Assets/Materials/Feature using Guid(6b1a78d7a80734d43b8a6939727199e6) Importer(815301076,1909f56bfc062723c751e8b465ee728b)  -> (artifact id: 'e32673ffc1c0db6c4a8be208e3e15a70') in 0.002051 seconds 
  Import took 0.004730 seconds .

========================================================================
Received Import Request.
  Time since last request: 5.549900 seconds.
  path: Assets/Materials/River.shader
  artifactKey: Guid(c92e24731f6362346aa5e27ca9d1e712) Importer(815301076,1909f56bfc062723c751e8b465ee728b)
Start importing Assets/Materials/River.shader using Guid(c92e24731f6362346aa5e27ca9d1e712) Importer(815301076,1909f56bfc062723c751e8b465ee728b)  -> (artifact id: '1983b02b9e4c59aecc8ca5c0e95bf289') in 0.001853 seconds 
  Import took 0.005385 seconds .

========================================================================
Received Import Request.
  Time since last request: 9.562897 seconds.
  path: Assets/Materials/Feature Shader
  artifactKey: Guid(6b1a78d7a80734d43b8a6939727199e6) Importer(815301076,1909f56bfc062723c751e8b465ee728b)
Start importing Assets/Materials/Feature Shader using Guid(6b1a78d7a80734d43b8a6939727199e6) Importer(815301076,1909f56bfc062723c751e8b465ee728b)  -> (artifact id: 'eb131abe674281be6e0ac4ffa01a7caf') in 0.001745 seconds 
  Import took 0.004679 seconds .

========================================================================
Received Import Request.
  Time since last request: 3.247930 seconds.
  path: Assets/Materials/Feature Shader/Road.shader
  artifactKey: Guid(47a3760925c4cc84cbb48c0702590840) Importer(815301076,1909f56bfc062723c751e8b465ee728b)
Start importing Assets/Materials/Feature Shader/Road.shader using Guid(47a3760925c4cc84cbb48c0702590840) Importer(815301076,1909f56bfc062723c751e8b465ee728b)  -> (artifact id: '9c5b6fbdbd0ba8f529e4ba43bfa6a49d') in 0.001941 seconds 
  Import took 0.004792 seconds .

========================================================================
Received Import Request.
  Time since last request: 30.069174 seconds.
  path: Assets/Materials/Water.shader
  artifactKey: Guid(985ed5060e23d574bb3868d309244f23) Importer(815301076,1909f56bfc062723c751e8b465ee728b)
Start importing Assets/Materials/Water.shader using Guid(985ed5060e23d574bb3868d309244f23) Importer(815301076,1909f56bfc062723c751e8b465ee728b)  -> (artifact id: 'fa007c9541859b8f1dc7d8c729a4e87b') in 0.002573 seconds 
  Import took 0.005498 seconds .

========================================================================
Received Import Request.
  Time since last request: 1.718352 seconds.
  path: Assets/Materials/Water.cginc
  artifactKey: Guid(58f4bed10d4b88a4c9adfd6c511779fe) Importer(815301076,1909f56bfc062723c751e8b465ee728b)
Start importing Assets/Materials/Water.cginc using Guid(58f4bed10d4b88a4c9adfd6c511779fe) Importer(815301076,1909f56bfc062723c751e8b465ee728b)  -> (artifact id: '2d73d2fdb6533fcd069f1b44a57776f9') in 0.001348 seconds 
  Import took 0.003915 seconds .

========================================================================
Received Import Request.
  Time since last request: 7.671806 seconds.
  path: Assets/Materials/Terrain.shader
  artifactKey: Guid(e55571c12273b5348a541db4a13578a3) Importer(815301076,1909f56bfc062723c751e8b465ee728b)
Start importing Assets/Materials/Terrain.shader using Guid(e55571c12273b5348a541db4a13578a3) Importer(815301076,1909f56bfc062723c751e8b465ee728b)  -> (artifact id: 'be619810b06eb9e990093a1bc026a6fa') in 0.001349 seconds 
  Import took 0.003754 seconds .

========================================================================
Received Import Request.
  Time since last request: 1.466795 seconds.
  path: Assets/Materials/Road.shader
  artifactKey: Guid(47a3760925c4cc84cbb48c0702590840) Importer(815301076,1909f56bfc062723c751e8b465ee728b)
Start importing Assets/Materials/Road.shader using Guid(47a3760925c4cc84cbb48c0702590840) Importer(815301076,1909f56bfc062723c751e8b465ee728b)  -> (artifact id: '8124b56766d17710de3bc9e8eecb0dc2') in 0.001320 seconds 
  Import took 0.003940 seconds .

========================================================================
Received Import Request.
  Time since last request: 0.367493 seconds.
  path: Assets/Materials/River.shader
  artifactKey: Guid(c92e24731f6362346aa5e27ca9d1e712) Importer(815301076,1909f56bfc062723c751e8b465ee728b)
Start importing Assets/Materials/River.shader using Guid(c92e24731f6362346aa5e27ca9d1e712) Importer(815301076,1909f56bfc062723c751e8b465ee728b)  -> (artifact id: 'aa85a677dbfe019851006a19273afd3b') in 0.001494 seconds 
  Import took 0.004272 seconds .

========================================================================
Received Import Request.
  Time since last request: 3.545810 seconds.
  path: Assets/Materials/Feature Shader/FeatureShader.shader
  artifactKey: Guid(e640dc7a0d4c27442abdf24159639f3a) Importer(815301076,1909f56bfc062723c751e8b465ee728b)
Start importing Assets/Materials/Feature Shader/FeatureShader.shader using Guid(e640dc7a0d4c27442abdf24159639f3a) Importer(815301076,1909f56bfc062723c751e8b465ee728b)  -> (artifact id: '458fa5d044c93d3451d422fed1c1b7fc') in 0.003959 seconds 
  Import took 0.010202 seconds .

========================================================================
Received Import Request.
  Time since last request: 1.792755 seconds.
  path: Assets/Materials/Feature Shader/Estuaries.shader
  artifactKey: Guid(afb294143d5fd2844a3fd1ee87bf0d25) Importer(815301076,1909f56bfc062723c751e8b465ee728b)
Start importing Assets/Materials/Feature Shader/Estuaries.shader using Guid(afb294143d5fd2844a3fd1ee87bf0d25) Importer(815301076,1909f56bfc062723c751e8b465ee728b)  -> (artifact id: '8e2e9c61dd2202dc06890fff987c8155') in 0.001351 seconds 
  Import took 0.003677 seconds .

========================================================================
Received Prepare
Registering precompiled user dll's ...
Registered in 0.002416 seconds.
Begin MonoManager ReloadAssembly
Native extension for WindowsStandalone target not found
Refreshing native plugins compatible for Editor in 0.33 ms, found 2 plugins.
Preloading 0 native plugins for Editor in 0.00 ms.
Mono: successfully reloaded assembly
- Completed reload, in  0.885 seconds
Domain Reload Profiling:
	ReloadAssembly (885ms)
		BeginReloadAssembly (96ms)
			ExecutionOrderSort (0ms)
			DisableScriptedObjects (4ms)
			BackupInstance (0ms)
			ReleaseScriptingObjects (0ms)
			CreateAndSetChildDomain (28ms)
		EndReloadAssembly (734ms)
			LoadAssemblies (74ms)
			RebuildTransferFunctionScriptingTraits (0ms)
			SetupTypeCache (262ms)
			ReleaseScriptCaches (1ms)
			RebuildScriptCaches (35ms)
			SetupLoadedEditorAssemblies (269ms)
				LogAssemblyErrors (0ms)
				InitializePlatformSupportModulesInManaged (4ms)
				SetLoadedEditorAssemblies (0ms)
				RefreshPlugins (0ms)
				BeforeProcessingInitializeOnLoad (65ms)
				ProcessInitializeOnLoadAttributes (190ms)
				ProcessInitializeOnLoadMethodAttributes (8ms)
				AfterProcessingInitializeOnLoad (2ms)
				EditorAssembliesLoaded (0ms)
			ExecutionOrderSort2 (0ms)
			AwakeInstancesAfterBackupRestoration (6ms)
Platform modules already initialized, skipping
Refreshing native plugins compatible for Editor in 0.36 ms, found 2 plugins.
Preloading 0 native plugins for Editor in 0.00 ms.
Unloading 1517 Unused Serialized files (Serialized files now loaded: 0)
System memory in use before: 86.6 MB.
System memory in use after: 86.7 MB.

Unloading 14 unused Assets to reduce memory usage. Loaded Objects now: 1989.
Total: 2.662700 ms (FindLiveObjects: 0.259000 ms CreateObjectMapping: 0.061100 ms MarkObjects: 2.324400 ms  DeleteObjects: 0.017100 ms)

AssetImportParameters requested are different than current active one (requested -> active):
  custom:framework-win-MediaFoundation: 216162199b28c13a410421893ffa2e32 -> 
  custom:video-decoder-ogg-theora: a1e56fd34408186e4bbccfd4996cb3dc -> 
  custom:container-muxer-webm: aa71ff27fc2769a1b78a27578f13a17b -> 
  custom:container-demuxer-webm: 4f35f7cbe854078d1ac9338744f61a02 -> 
  custom:container-demuxer-ogg: 62fdf1f143b41e24485cea50d1cbac27 -> 
  custom:video-encoder-webm-vp8: eb34c28f22e8b96e1ab97ce403110664 -> 
  custom:video-decoder-webm-vp8: 9c59270c3fd7afecdb556c50c9e8de78 -> 
  custom:audio-decoder-ogg-vorbis: bf7c407c2cedff20999df2af8eb42d56 -> 
  custom:audio-encoder-webm-vorbis: bf7c407c2cedff20999df2af8eb42d56 -> 
========================================================================
Received Import Request.
  Time since last request: 37.563314 seconds.
  path: Assets/Materials/Feature Shader/Estuaries.shader
  artifactKey: Guid(afb294143d5fd2844a3fd1ee87bf0d25) Importer(815301076,1909f56bfc062723c751e8b465ee728b)
Start importing Assets/Materials/Feature Shader/Estuaries.shader using Guid(afb294143d5fd2844a3fd1ee87bf0d25) Importer(815301076,1909f56bfc062723c751e8b465ee728b)  -> (artifact id: '73025251e3321c336c6b54fe1fc90c14') in 0.010313 seconds 
  Import took 0.012583 seconds .

========================================================================
Received Prepare
Registering precompiled user dll's ...
Registered in 0.002273 seconds.
Begin MonoManager ReloadAssembly
Native extension for WindowsStandalone target not found
Refreshing native plugins compatible for Editor in 0.37 ms, found 2 plugins.
Preloading 0 native plugins for Editor in 0.00 ms.
Mono: successfully reloaded assembly
- Completed reload, in  0.867 seconds
Domain Reload Profiling:
	ReloadAssembly (868ms)
		BeginReloadAssembly (102ms)
			ExecutionOrderSort (0ms)
			DisableScriptedObjects (4ms)
			BackupInstance (0ms)
			ReleaseScriptingObjects (0ms)
			CreateAndSetChildDomain (28ms)
		EndReloadAssembly (712ms)
			LoadAssemblies (75ms)
			RebuildTransferFunctionScriptingTraits (0ms)
			SetupTypeCache (253ms)
			ReleaseScriptCaches (1ms)
			RebuildScriptCaches (38ms)
			SetupLoadedEditorAssemblies (256ms)
				LogAssemblyErrors (0ms)
				InitializePlatformSupportModulesInManaged (4ms)
				SetLoadedEditorAssemblies (0ms)
				RefreshPlugins (0ms)
				BeforeProcessingInitializeOnLoad (63ms)
				ProcessInitializeOnLoadAttributes (178ms)
				ProcessInitializeOnLoadMethodAttributes (9ms)
				AfterProcessingInitializeOnLoad (2ms)
				EditorAssembliesLoaded (0ms)
			ExecutionOrderSort2 (0ms)
			AwakeInstancesAfterBackupRestoration (6ms)
Platform modules already initialized, skipping
Refreshing native plugins compatible for Editor in 0.36 ms, found 2 plugins.
Preloading 0 native plugins for Editor in 0.00 ms.
Unloading 1517 Unused Serialized files (Serialized files now loaded: 0)
System memory in use before: 86.6 MB.
System memory in use after: 86.7 MB.

Unloading 14 unused Assets to reduce memory usage. Loaded Objects now: 1991.
Total: 2.460100 ms (FindLiveObjects: 0.140600 ms CreateObjectMapping: 0.042000 ms MarkObjects: 2.261300 ms  DeleteObjects: 0.015100 ms)

AssetImportParameters requested are different than current active one (requested -> active):
  custom:framework-win-MediaFoundation: 216162199b28c13a410421893ffa2e32 -> 
  custom:video-decoder-ogg-theora: a1e56fd34408186e4bbccfd4996cb3dc -> 
  custom:container-muxer-webm: aa71ff27fc2769a1b78a27578f13a17b -> 
  custom:container-demuxer-webm: 4f35f7cbe854078d1ac9338744f61a02 -> 
  custom:container-demuxer-ogg: 62fdf1f143b41e24485cea50d1cbac27 -> 
  custom:video-encoder-webm-vp8: eb34c28f22e8b96e1ab97ce403110664 -> 
  custom:video-decoder-webm-vp8: 9c59270c3fd7afecdb556c50c9e8de78 -> 
  custom:audio-decoder-ogg-vorbis: bf7c407c2cedff20999df2af8eb42d56 -> 
  custom:audio-encoder-webm-vorbis: bf7c407c2cedff20999df2af8eb42d56 -> 
========================================================================
Received Import Request.
  Time since last request: 28.239070 seconds.
  path: Assets/Materials/Feature Shader/FeatureShader.shader
  artifactKey: Guid(e640dc7a0d4c27442abdf24159639f3a) Importer(815301076,1909f56bfc062723c751e8b465ee728b)
Start importing Assets/Materials/Feature Shader/FeatureShader.shader using Guid(e640dc7a0d4c27442abdf24159639f3a) Importer(815301076,1909f56bfc062723c751e8b465ee728b)  -> (artifact id: '1e08ef84707f8c020a6309d5a3f4f092') in 0.009880 seconds 
  Import took 0.012184 seconds .

========================================================================
Received Import Request.
  Time since last request: 5.362894 seconds.
  path: Assets/Materials/Feature Shader/River.shader
  artifactKey: Guid(c92e24731f6362346aa5e27ca9d1e712) Importer(815301076,1909f56bfc062723c751e8b465ee728b)
Start importing Assets/Materials/Feature Shader/River.shader using Guid(c92e24731f6362346aa5e27ca9d1e712) Importer(815301076,1909f56bfc062723c751e8b465ee728b)  -> (artifact id: '56dd5c8c34180de4583202656f954c7a') in 0.002203 seconds 
  Import took 0.007996 seconds .

========================================================================
Received Import Request.
  Time since last request: 6.516912 seconds.
  path: Assets/Materials/Feature Shader/Road.shader
  artifactKey: Guid(47a3760925c4cc84cbb48c0702590840) Importer(815301076,1909f56bfc062723c751e8b465ee728b)
Start importing Assets/Materials/Feature Shader/Road.shader using Guid(47a3760925c4cc84cbb48c0702590840) Importer(815301076,1909f56bfc062723c751e8b465ee728b)  -> (artifact id: '5e8cf985171d01e46cde57c9dd01d8b2') in 0.001978 seconds 
  Import took 0.006371 seconds .

========================================================================
Received Import Request.
  Time since last request: 4.796945 seconds.
  path: Assets/Materials/Feature Shader/Terrain.shader
  artifactKey: Guid(e55571c12273b5348a541db4a13578a3) Importer(815301076,1909f56bfc062723c751e8b465ee728b)
Start importing Assets/Materials/Feature Shader/Terrain.shader using Guid(e55571c12273b5348a541db4a13578a3) Importer(815301076,1909f56bfc062723c751e8b465ee728b)  -> (artifact id: '2a905d06746cfe229096203d7d76574e') in 0.002448 seconds 
  Import took 0.005402 seconds .

========================================================================
Received Import Request.
  Time since last request: 0.529196 seconds.
  path: Assets/Materials/Feature Shader/Water.shader
  artifactKey: Guid(985ed5060e23d574bb3868d309244f23) Importer(815301076,1909f56bfc062723c751e8b465ee728b)
Start importing Assets/Materials/Feature Shader/Water.shader using Guid(985ed5060e23d574bb3868d309244f23) Importer(815301076,1909f56bfc062723c751e8b465ee728b)  -> (artifact id: 'b2d064da3247f51b85a69caa62b2f80d') in 0.001383 seconds 
  Import took 0.003895 seconds .

========================================================================
Received Import Request.
  Time since last request: 3.609364 seconds.
  path: Assets/Materials/Feature Shader/Water.shader
  artifactKey: Guid(985ed5060e23d574bb3868d309244f23) Importer(815301076,1909f56bfc062723c751e8b465ee728b)
Start importing Assets/Materials/Feature Shader/Water.shader using Guid(985ed5060e23d574bb3868d309244f23) Importer(815301076,1909f56bfc062723c751e8b465ee728b)  -> (artifact id: '1281c798583bc1a9e59f9c5d2e239623') in 0.003243 seconds 
  Import took 0.006758 seconds .

========================================================================
Received Import Request.
  Time since last request: 0.533445 seconds.
  path: Assets/Materials/Feature Shader/WaterShore.shader
  artifactKey: Guid(d5baf76c694b0f8458442c07c33bb889) Importer(815301076,1909f56bfc062723c751e8b465ee728b)
Start importing Assets/Materials/Feature Shader/WaterShore.shader using Guid(d5baf76c694b0f8458442c07c33bb889) Importer(815301076,1909f56bfc062723c751e8b465ee728b)  -> (artifact id: 'b6c092d9d8468bb7063a71596ed2a1fd') in 0.001440 seconds 
  Import took 0.003747 seconds .

========================================================================
Received Import Request.
  Time since last request: 3.189865 seconds.
  path: Assets/Materials/Feature Shader/WaterShore.shader
  artifactKey: Guid(d5baf76c694b0f8458442c07c33bb889) Importer(815301076,1909f56bfc062723c751e8b465ee728b)
Start importing Assets/Materials/Feature Shader/WaterShore.shader using Guid(d5baf76c694b0f8458442c07c33bb889) Importer(815301076,1909f56bfc062723c751e8b465ee728b)  -> (artifact id: '127ba91f6eaef50ce3f58d2b60e729b5') in 0.003182 seconds 
  Import took 0.006045 seconds .

========================================================================
Received Prepare
Registering precompiled user dll's ...
Registered in 0.002208 seconds.
Begin MonoManager ReloadAssembly
Native extension for WindowsStandalone target not found
Refreshing native plugins compatible for Editor in 0.35 ms, found 2 plugins.
Preloading 0 native plugins for Editor in 0.00 ms.
Mono: successfully reloaded assembly
- Completed reload, in  0.854 seconds
Domain Reload Profiling:
	ReloadAssembly (854ms)
		BeginReloadAssembly (94ms)
			ExecutionOrderSort (0ms)
			DisableScriptedObjects (4ms)
			BackupInstance (0ms)
			ReleaseScriptingObjects (0ms)
			CreateAndSetChildDomain (27ms)
		EndReloadAssembly (707ms)
			LoadAssemblies (74ms)
			RebuildTransferFunctionScriptingTraits (0ms)
			SetupTypeCache (251ms)
			ReleaseScriptCaches (1ms)
			RebuildScriptCaches (36ms)
			SetupLoadedEditorAssemblies (256ms)
				LogAssemblyErrors (0ms)
				InitializePlatformSupportModulesInManaged (4ms)
				SetLoadedEditorAssemblies (0ms)
				RefreshPlugins (0ms)
				BeforeProcessingInitializeOnLoad (62ms)
				ProcessInitializeOnLoadAttributes (178ms)
				ProcessInitializeOnLoadMethodAttributes (8ms)
				AfterProcessingInitializeOnLoad (2ms)
				EditorAssembliesLoaded (0ms)
			ExecutionOrderSort2 (0ms)
			AwakeInstancesAfterBackupRestoration (6ms)
Platform modules already initialized, skipping
Refreshing native plugins compatible for Editor in 0.35 ms, found 2 plugins.
Preloading 0 native plugins for Editor in 0.00 ms.
Unloading 1517 Unused Serialized files (Serialized files now loaded: 0)
System memory in use before: 86.6 MB.
System memory in use after: 86.7 MB.

Unloading 14 unused Assets to reduce memory usage. Loaded Objects now: 1993.
Total: 2.375900 ms (FindLiveObjects: 0.155900 ms CreateObjectMapping: 0.050800 ms MarkObjects: 2.152700 ms  DeleteObjects: 0.015300 ms)

AssetImportParameters requested are different than current active one (requested -> active):
  custom:framework-win-MediaFoundation: 216162199b28c13a410421893ffa2e32 -> 
  custom:video-decoder-ogg-theora: a1e56fd34408186e4bbccfd4996cb3dc -> 
  custom:container-muxer-webm: aa71ff27fc2769a1b78a27578f13a17b -> 
  custom:container-demuxer-webm: 4f35f7cbe854078d1ac9338744f61a02 -> 
  custom:container-demuxer-ogg: 62fdf1f143b41e24485cea50d1cbac27 -> 
  custom:video-encoder-webm-vp8: eb34c28f22e8b96e1ab97ce403110664 -> 
  custom:video-decoder-webm-vp8: 9c59270c3fd7afecdb556c50c9e8de78 -> 
  custom:audio-decoder-ogg-vorbis: bf7c407c2cedff20999df2af8eb42d56 -> 
  custom:audio-encoder-webm-vorbis: bf7c407c2cedff20999df2af8eb42d56 -> 
========================================================================
Received Import Request.
  Time since last request: 66.432991 seconds.
  path: Assets/Scripts/HexCell.cs
  artifactKey: Guid(e3d3de04c7eaa4677adc5cb5e120ecef) Importer(815301076,1909f56bfc062723c751e8b465ee728b)
Start importing Assets/Scripts/HexCell.cs using Guid(e3d3de04c7eaa4677adc5cb5e120ecef) Importer(815301076,1909f56bfc062723c751e8b465ee728b)  -> (artifact id: 'd47bfbf1840d427b093c0f86c1be2170') in 0.005070 seconds 
  Import took 0.007625 seconds .

========================================================================
Received Import Request.
  Time since last request: 5.097906 seconds.
  path: Assets/Scripts/HexCell.cs
  artifactKey: Guid(e3d3de04c7eaa4677adc5cb5e120ecef) Importer(815301076,1909f56bfc062723c751e8b465ee728b)
Start importing Assets/Scripts/HexCell.cs using Guid(e3d3de04c7eaa4677adc5cb5e120ecef) Importer(815301076,1909f56bfc062723c751e8b465ee728b)  -> (artifact id: '5d177347dc9837b424fcf19960944770') in 0.001211 seconds 
  Import took 0.003554 seconds .

========================================================================
Received Import Request.
  Time since last request: 5.594818 seconds.
  path: Assets/Scripts/HexCell.cs
  artifactKey: Guid(e3d3de04c7eaa4677adc5cb5e120ecef) Importer(815301076,1909f56bfc062723c751e8b465ee728b)
Start importing Assets/Scripts/HexCell.cs using Guid(e3d3de04c7eaa4677adc5cb5e120ecef) Importer(815301076,1909f56bfc062723c751e8b465ee728b)  -> (artifact id: 'dddaa7595edd3572e188b087f172d8e1') in 0.001227 seconds 
  Import took 0.005070 seconds .

========================================================================
Received Prepare
Registering precompiled user dll's ...
Registered in 0.002563 seconds.
Begin MonoManager ReloadAssembly
Native extension for WindowsStandalone target not found
Refreshing native plugins compatible for Editor in 0.37 ms, found 2 plugins.
Preloading 0 native plugins for Editor in 0.00 ms.
Mono: successfully reloaded assembly
- Completed reload, in  0.898 seconds
Domain Reload Profiling:
	ReloadAssembly (898ms)
		BeginReloadAssembly (97ms)
			ExecutionOrderSort (0ms)
			DisableScriptedObjects (5ms)
			BackupInstance (0ms)
			ReleaseScriptingObjects (0ms)
			CreateAndSetChildDomain (30ms)
		EndReloadAssembly (746ms)
			LoadAssemblies (79ms)
			RebuildTransferFunctionScriptingTraits (0ms)
			SetupTypeCache (266ms)
			ReleaseScriptCaches (1ms)
			RebuildScriptCaches (36ms)
			SetupLoadedEditorAssemblies (273ms)
				LogAssemblyErrors (0ms)
				InitializePlatformSupportModulesInManaged (4ms)
				SetLoadedEditorAssemblies (0ms)
				RefreshPlugins (0ms)
				BeforeProcessingInitializeOnLoad (67ms)
				ProcessInitializeOnLoadAttributes (191ms)
				ProcessInitializeOnLoadMethodAttributes (8ms)
				AfterProcessingInitializeOnLoad (2ms)
				EditorAssembliesLoaded (0ms)
			ExecutionOrderSort2 (0ms)
			AwakeInstancesAfterBackupRestoration (7ms)
Platform modules already initialized, skipping
Refreshing native plugins compatible for Editor in 0.47 ms, found 2 plugins.
Preloading 0 native plugins for Editor in 0.00 ms.
Unloading 1517 Unused Serialized files (Serialized files now loaded: 0)
System memory in use before: 86.6 MB.
System memory in use after: 86.7 MB.

Unloading 14 unused Assets to reduce memory usage. Loaded Objects now: 1995.
Total: 5.745700 ms (FindLiveObjects: 1.571300 ms CreateObjectMapping: 0.276700 ms MarkObjects: 3.872200 ms  DeleteObjects: 0.023200 ms)

AssetImportParameters requested are different than current active one (requested -> active):
  custom:framework-win-MediaFoundation: 216162199b28c13a410421893ffa2e32 -> 
  custom:video-decoder-ogg-theora: a1e56fd34408186e4bbccfd4996cb3dc -> 
  custom:container-muxer-webm: aa71ff27fc2769a1b78a27578f13a17b -> 
  custom:container-demuxer-webm: 4f35f7cbe854078d1ac9338744f61a02 -> 
  custom:container-demuxer-ogg: 62fdf1f143b41e24485cea50d1cbac27 -> 
  custom:video-encoder-webm-vp8: eb34c28f22e8b96e1ab97ce403110664 -> 
  custom:video-decoder-webm-vp8: 9c59270c3fd7afecdb556c50c9e8de78 -> 
  custom:audio-decoder-ogg-vorbis: bf7c407c2cedff20999df2af8eb42d56 -> 
  custom:audio-encoder-webm-vorbis: bf7c407c2cedff20999df2af8eb42d56 -> 
========================================================================
Received Prepare
Registering precompiled user dll's ...
Registered in 0.002533 seconds.
Begin MonoManager ReloadAssembly
Native extension for WindowsStandalone target not found
Refreshing native plugins compatible for Editor in 0.33 ms, found 2 plugins.
Preloading 0 native plugins for Editor in 0.00 ms.
Mono: successfully reloaded assembly
- Completed reload, in  0.889 seconds
Domain Reload Profiling:
	ReloadAssembly (889ms)
		BeginReloadAssembly (107ms)
			ExecutionOrderSort (0ms)
			DisableScriptedObjects (4ms)
			BackupInstance (0ms)
			ReleaseScriptingObjects (0ms)
			CreateAndSetChildDomain (32ms)
		EndReloadAssembly (728ms)
			LoadAssemblies (82ms)
			RebuildTransferFunctionScriptingTraits (0ms)
			SetupTypeCache (262ms)
			ReleaseScriptCaches (1ms)
			RebuildScriptCaches (36ms)
			SetupLoadedEditorAssemblies (259ms)
				LogAssemblyErrors (0ms)
				InitializePlatformSupportModulesInManaged (4ms)
				SetLoadedEditorAssemblies (0ms)
				RefreshPlugins (0ms)
				BeforeProcessingInitializeOnLoad (65ms)
				ProcessInitializeOnLoadAttributes (179ms)
				ProcessInitializeOnLoadMethodAttributes (8ms)
				AfterProcessingInitializeOnLoad (2ms)
				EditorAssembliesLoaded (0ms)
			ExecutionOrderSort2 (0ms)
			AwakeInstancesAfterBackupRestoration (7ms)
Platform modules already initialized, skipping
Refreshing native plugins compatible for Editor in 0.35 ms, found 2 plugins.
Preloading 0 native plugins for Editor in 0.00 ms.
Unloading 1517 Unused Serialized files (Serialized files now loaded: 0)
System memory in use before: 86.6 MB.
System memory in use after: 86.7 MB.

Unloading 14 unused Assets to reduce memory usage. Loaded Objects now: 1997.
Total: 2.579700 ms (FindLiveObjects: 0.144300 ms CreateObjectMapping: 0.046300 ms MarkObjects: 2.370500 ms  DeleteObjects: 0.017400 ms)

AssetImportParameters requested are different than current active one (requested -> active):
  custom:framework-win-MediaFoundation: 216162199b28c13a410421893ffa2e32 -> 
  custom:video-decoder-ogg-theora: a1e56fd34408186e4bbccfd4996cb3dc -> 
  custom:container-muxer-webm: aa71ff27fc2769a1b78a27578f13a17b -> 
  custom:container-demuxer-webm: 4f35f7cbe854078d1ac9338744f61a02 -> 
  custom:container-demuxer-ogg: 62fdf1f143b41e24485cea50d1cbac27 -> 
  custom:video-encoder-webm-vp8: eb34c28f22e8b96e1ab97ce403110664 -> 
  custom:video-decoder-webm-vp8: 9c59270c3fd7afecdb556c50c9e8de78 -> 
  custom:audio-decoder-ogg-vorbis: bf7c407c2cedff20999df2af8eb42d56 -> 
  custom:audio-encoder-webm-vorbis: bf7c407c2cedff20999df2af8eb42d56 -> 
========================================================================
Received Import Request.
  Time since last request: 1191.005358 seconds.
  path: Assets/Materials/Feature Shader/HexCellData.cginc
  artifactKey: Guid(7b62984e7f38b35418651c8225e82300) Importer(815301076,1909f56bfc062723c751e8b465ee728b)
Start importing Assets/Materials/Feature Shader/HexCellData.cginc using Guid(7b62984e7f38b35418651c8225e82300) Importer(815301076,1909f56bfc062723c751e8b465ee728b)  -> (artifact id: 'dec315450b84a27fc34da8373ac1540a') in 0.019851 seconds 
  Import took 0.022562 seconds .

========================================================================
Received Prepare
Registering precompiled user dll's ...
Registered in 0.002257 seconds.
Begin MonoManager ReloadAssembly
Native extension for WindowsStandalone target not found
Refreshing native plugins compatible for Editor in 0.44 ms, found 2 plugins.
Preloading 0 native plugins for Editor in 0.00 ms.
Mono: successfully reloaded assembly
- Completed reload, in  0.869 seconds
Domain Reload Profiling:
	ReloadAssembly (870ms)
		BeginReloadAssembly (97ms)
			ExecutionOrderSort (0ms)
			DisableScriptedObjects (4ms)
			BackupInstance (0ms)
			ReleaseScriptingObjects (0ms)
			CreateAndSetChildDomain (29ms)
		EndReloadAssembly (720ms)
			LoadAssemblies (75ms)
			RebuildTransferFunctionScriptingTraits (0ms)
			SetupTypeCache (261ms)
			ReleaseScriptCaches (1ms)
			RebuildScriptCaches (36ms)
			SetupLoadedEditorAssemblies (256ms)
				LogAssemblyErrors (0ms)
				InitializePlatformSupportModulesInManaged (4ms)
				SetLoadedEditorAssemblies (1ms)
				RefreshPlugins (1ms)
				BeforeProcessingInitializeOnLoad (62ms)
				ProcessInitializeOnLoadAttributes (179ms)
				ProcessInitializeOnLoadMethodAttributes (8ms)
				AfterProcessingInitializeOnLoad (2ms)
				EditorAssembliesLoaded (0ms)
			ExecutionOrderSort2 (0ms)
			AwakeInstancesAfterBackupRestoration (7ms)
Platform modules already initialized, skipping
Refreshing native plugins compatible for Editor in 0.36 ms, found 2 plugins.
Preloading 0 native plugins for Editor in 0.00 ms.
Unloading 1517 Unused Serialized files (Serialized files now loaded: 0)
System memory in use before: 86.6 MB.
System memory in use after: 86.7 MB.

Unloading 14 unused Assets to reduce memory usage. Loaded Objects now: 1999.
Total: 2.556800 ms (FindLiveObjects: 0.151600 ms CreateObjectMapping: 0.048100 ms MarkObjects: 2.336400 ms  DeleteObjects: 0.019600 ms)

AssetImportParameters requested are different than current active one (requested -> active):
  custom:framework-win-MediaFoundation: 216162199b28c13a410421893ffa2e32 -> 
  custom:video-decoder-ogg-theora: a1e56fd34408186e4bbccfd4996cb3dc -> 
  custom:container-muxer-webm: aa71ff27fc2769a1b78a27578f13a17b -> 
  custom:container-demuxer-webm: 4f35f7cbe854078d1ac9338744f61a02 -> 
  custom:container-demuxer-ogg: 62fdf1f143b41e24485cea50d1cbac27 -> 
  custom:video-encoder-webm-vp8: eb34c28f22e8b96e1ab97ce403110664 -> 
  custom:video-decoder-webm-vp8: 9c59270c3fd7afecdb556c50c9e8de78 -> 
  custom:audio-decoder-ogg-vorbis: bf7c407c2cedff20999df2af8eb42d56 -> 
  custom:audio-encoder-webm-vorbis: bf7c407c2cedff20999df2af8eb42d56 -> 
========================================================================
Received Prepare
Registering precompiled user dll's ...
Registered in 0.002264 seconds.
Begin MonoManager ReloadAssembly
Native extension for WindowsStandalone target not found
Refreshing native plugins compatible for Editor in 0.34 ms, found 2 plugins.
Preloading 0 native plugins for Editor in 0.00 ms.
Mono: successfully reloaded assembly
- Completed reload, in  0.848 seconds
Domain Reload Profiling:
	ReloadAssembly (848ms)
		BeginReloadAssembly (88ms)
			ExecutionOrderSort (0ms)
			DisableScriptedObjects (4ms)
			BackupInstance (0ms)
			ReleaseScriptingObjects (0ms)
			CreateAndSetChildDomain (28ms)
		EndReloadAssembly (708ms)
			LoadAssemblies (75ms)
			RebuildTransferFunctionScriptingTraits (0ms)
			SetupTypeCache (255ms)
			ReleaseScriptCaches (1ms)
			RebuildScriptCaches (36ms)
			SetupLoadedEditorAssemblies (252ms)
				LogAssemblyErrors (0ms)
				InitializePlatformSupportModulesInManaged (4ms)
				SetLoadedEditorAssemblies (0ms)
				RefreshPlugins (0ms)
				BeforeProcessingInitializeOnLoad (63ms)
				ProcessInitializeOnLoadAttributes (174ms)
				ProcessInitializeOnLoadMethodAttributes (8ms)
				AfterProcessingInitializeOnLoad (2ms)
				EditorAssembliesLoaded (0ms)
			ExecutionOrderSort2 (0ms)
			AwakeInstancesAfterBackupRestoration (6ms)
Platform modules already initialized, skipping
Refreshing native plugins compatible for Editor in 0.34 ms, found 2 plugins.
Preloading 0 native plugins for Editor in 0.00 ms.
Unloading 1517 Unused Serialized files (Serialized files now loaded: 0)
System memory in use before: 86.6 MB.
System memory in use after: 86.7 MB.

Unloading 14 unused Assets to reduce memory usage. Loaded Objects now: 2001.
Total: 2.673500 ms (FindLiveObjects: 0.232200 ms CreateObjectMapping: 0.064200 ms MarkObjects: 2.356700 ms  DeleteObjects: 0.019100 ms)

AssetImportParameters requested are different than current active one (requested -> active):
  custom:framework-win-MediaFoundation: 216162199b28c13a410421893ffa2e32 -> 
  custom:video-decoder-ogg-theora: a1e56fd34408186e4bbccfd4996cb3dc -> 
  custom:container-muxer-webm: aa71ff27fc2769a1b78a27578f13a17b -> 
  custom:container-demuxer-webm: 4f35f7cbe854078d1ac9338744f61a02 -> 
  custom:container-demuxer-ogg: 62fdf1f143b41e24485cea50d1cbac27 -> 
  custom:video-encoder-webm-vp8: eb34c28f22e8b96e1ab97ce403110664 -> 
  custom:video-decoder-webm-vp8: 9c59270c3fd7afecdb556c50c9e8de78 -> 
  custom:audio-decoder-ogg-vorbis: bf7c407c2cedff20999df2af8eb42d56 -> 
  custom:audio-encoder-webm-vorbis: bf7c407c2cedff20999df2af8eb42d56 -> 
========================================================================
Received Import Request.
  Time since last request: 60.120083 seconds.
  path: Assets/Scripts/UI/SaveLoadMenu.cs
  artifactKey: Guid(29757da5781cc67428e1e54dd618f4d6) Importer(815301076,1909f56bfc062723c751e8b465ee728b)
Start importing Assets/Scripts/UI/SaveLoadMenu.cs using Guid(29757da5781cc67428e1e54dd618f4d6) Importer(815301076,1909f56bfc062723c751e8b465ee728b)  -> (artifact id: '7b2ededa0f1c3dfe55095247afede6c7') in 0.003759 seconds 
  Import took 0.006424 seconds .

========================================================================
Received Import Request.
  Time since last request: 7.766335 seconds.
  path: Assets/Scripts/UI/SaveLoadMenu.cs
  artifactKey: Guid(29757da5781cc67428e1e54dd618f4d6) Importer(815301076,1909f56bfc062723c751e8b465ee728b)
Start importing Assets/Scripts/UI/SaveLoadMenu.cs using Guid(29757da5781cc67428e1e54dd618f4d6) Importer(815301076,1909f56bfc062723c751e8b465ee728b)  -> (artifact id: '5fe5ca3a92a52f2a90015854bcbc4063') in 0.001280 seconds 
  Import took 0.005060 seconds .

========================================================================
Received Import Request.
  Time since last request: 4.782151 seconds.
  path: Assets/Scripts/UI/SaveLoadMenu.cs
  artifactKey: Guid(29757da5781cc67428e1e54dd618f4d6) Importer(815301076,1909f56bfc062723c751e8b465ee728b)
Start importing Assets/Scripts/UI/SaveLoadMenu.cs using Guid(29757da5781cc67428e1e54dd618f4d6) Importer(815301076,1909f56bfc062723c751e8b465ee728b)  -> (artifact id: '403adcc83806d43f965b7ec293a3722e') in 0.001036 seconds 
  Import took 0.003763 seconds .

========================================================================
Received Import Request.
  Time since last request: 6.171611 seconds.
  path: Assets/Scripts/UI/SaveLoadMenu.cs
  artifactKey: Guid(29757da5781cc67428e1e54dd618f4d6) Importer(815301076,1909f56bfc062723c751e8b465ee728b)
Start importing Assets/Scripts/UI/SaveLoadMenu.cs using Guid(29757da5781cc67428e1e54dd618f4d6) Importer(815301076,1909f56bfc062723c751e8b465ee728b)  -> (artifact id: '6635a664bab0f42d6810e8dbdd961acb') in 0.001074 seconds 
  Import took 0.003927 seconds .

========================================================================
Received Import Request.
  Time since last request: 5.886324 seconds.
  path: Assets/Scripts/UI/SaveLoadMenu.cs
  artifactKey: Guid(29757da5781cc67428e1e54dd618f4d6) Importer(815301076,1909f56bfc062723c751e8b465ee728b)
Start importing Assets/Scripts/UI/SaveLoadMenu.cs using Guid(29757da5781cc67428e1e54dd618f4d6) Importer(815301076,1909f56bfc062723c751e8b465ee728b)  -> (artifact id: 'ab60461a0f7f5519a4c804854ac4cc7d') in 0.001782 seconds 
  Import took 0.007894 seconds .

========================================================================
Received Import Request.
  Time since last request: 71.498048 seconds.
  path: Assets/Scripts/HexGrid.cs
  artifactKey: Guid(414a0fc06528949a0baff4f719b04a4f) Importer(815301076,1909f56bfc062723c751e8b465ee728b)
Start importing Assets/Scripts/HexGrid.cs using Guid(414a0fc06528949a0baff4f719b04a4f) Importer(815301076,1909f56bfc062723c751e8b465ee728b)  -> (artifact id: '7172b34850efc1ca08eb63ac23950a7e') in 0.001228 seconds 
  Import took 0.004316 seconds .

========================================================================
Received Prepare
Registering precompiled user dll's ...
Registered in 0.002269 seconds.
Begin MonoManager ReloadAssembly
Native extension for WindowsStandalone target not found
Refreshing native plugins compatible for Editor in 0.38 ms, found 2 plugins.
Preloading 0 native plugins for Editor in 0.00 ms.
Mono: successfully reloaded assembly
- Completed reload, in  0.879 seconds
Domain Reload Profiling:
	ReloadAssembly (879ms)
		BeginReloadAssembly (100ms)
			ExecutionOrderSort (0ms)
			DisableScriptedObjects (4ms)
			BackupInstance (0ms)
			ReleaseScriptingObjects (0ms)
			CreateAndSetChildDomain (27ms)
		EndReloadAssembly (726ms)
			LoadAssemblies (77ms)
			RebuildTransferFunctionScriptingTraits (0ms)
			SetupTypeCache (262ms)
			ReleaseScriptCaches (1ms)
			RebuildScriptCaches (36ms)
			SetupLoadedEditorAssemblies (256ms)
				LogAssemblyErrors (0ms)
				InitializePlatformSupportModulesInManaged (5ms)
				SetLoadedEditorAssemblies (0ms)
				RefreshPlugins (0ms)
				BeforeProcessingInitializeOnLoad (62ms)
				ProcessInitializeOnLoadAttributes (179ms)
				ProcessInitializeOnLoadMethodAttributes (8ms)
				AfterProcessingInitializeOnLoad (2ms)
				EditorAssembliesLoaded (0ms)
			ExecutionOrderSort2 (0ms)
			AwakeInstancesAfterBackupRestoration (6ms)
Platform modules already initialized, skipping
Refreshing native plugins compatible for Editor in 0.53 ms, found 2 plugins.
Preloading 0 native plugins for Editor in 0.00 ms.
Unloading 1517 Unused Serialized files (Serialized files now loaded: 0)
System memory in use before: 86.6 MB.
System memory in use after: 86.7 MB.

Unloading 14 unused Assets to reduce memory usage. Loaded Objects now: 2003.
Total: 3.454500 ms (FindLiveObjects: 0.150100 ms CreateObjectMapping: 0.045200 ms MarkObjects: 3.236800 ms  DeleteObjects: 0.020700 ms)

AssetImportParameters requested are different than current active one (requested -> active):
  custom:framework-win-MediaFoundation: 216162199b28c13a410421893ffa2e32 -> 
  custom:video-decoder-ogg-theora: a1e56fd34408186e4bbccfd4996cb3dc -> 
  custom:container-muxer-webm: aa71ff27fc2769a1b78a27578f13a17b -> 
  custom:container-demuxer-webm: 4f35f7cbe854078d1ac9338744f61a02 -> 
  custom:container-demuxer-ogg: 62fdf1f143b41e24485cea50d1cbac27 -> 
  custom:video-encoder-webm-vp8: eb34c28f22e8b96e1ab97ce403110664 -> 
  custom:video-decoder-webm-vp8: 9c59270c3fd7afecdb556c50c9e8de78 -> 
  custom:audio-decoder-ogg-vorbis: bf7c407c2cedff20999df2af8eb42d56 -> 
  custom:audio-encoder-webm-vorbis: bf7c407c2cedff20999df2af8eb42d56 -> 
AssetImportWorkerClient::OnTransportError - code=2 error=End of file
